<?xml version="1.0" encoding="UTF-8"?>
<testsuite name="test.pivotal.pal.trackerapi.TimeEntryApiTest" tests="5" skipped="0" failures="0" errors="0" timestamp="2020-04-25T19:04:25" hostname="DESKTOP-1345FN6" time="9.055">
  <properties/>
  <testcase name="testList()" classname="test.pivotal.pal.trackerapi.TimeEntryApiTest" time="2.883"/>
  <testcase name="testRead()" classname="test.pivotal.pal.trackerapi.TimeEntryApiTest" time="1.118"/>
  <testcase name="testCreate()" classname="test.pivotal.pal.trackerapi.TimeEntryApiTest" time="1.107"/>
  <testcase name="testDelete()" classname="test.pivotal.pal.trackerapi.TimeEntryApiTest" time="2.156"/>
  <testcase name="testUpdate()" classname="test.pivotal.pal.trackerapi.TimeEntryApiTest" time="1.786"/>
  <system-out><![CDATA[00:34:19.120 [Test worker] DEBUG org.springframework.test.context.BootstrapUtils - Instantiating CacheAwareContextLoaderDelegate from class [org.springframework.test.context.cache.DefaultCacheAwareContextLoaderDelegate]
00:34:19.140 [Test worker] DEBUG org.springframework.test.context.BootstrapUtils - Instantiating BootstrapContext using constructor [public org.springframework.test.context.support.DefaultBootstrapContext(java.lang.Class,org.springframework.test.context.CacheAwareContextLoaderDelegate)]
00:34:19.170 [Test worker] DEBUG org.springframework.test.context.BootstrapUtils - Instantiating TestContextBootstrapper for test class [test.pivotal.pal.trackerapi.TimeEntryApiTest] from class [org.springframework.boot.test.context.SpringBootTestContextBootstrapper]
00:34:19.189 [Test worker] INFO org.springframework.boot.test.context.SpringBootTestContextBootstrapper - Neither @ContextConfiguration nor @ContextHierarchy found for test class [test.pivotal.pal.trackerapi.TimeEntryApiTest], using SpringBootContextLoader
00:34:19.193 [Test worker] DEBUG org.springframework.test.context.support.AbstractContextLoader - Did not detect default resource location for test class [test.pivotal.pal.trackerapi.TimeEntryApiTest]: class path resource [test/pivotal/pal/trackerapi/TimeEntryApiTest-context.xml] does not exist
00:34:19.194 [Test worker] DEBUG org.springframework.test.context.support.AbstractContextLoader - Did not detect default resource location for test class [test.pivotal.pal.trackerapi.TimeEntryApiTest]: class path resource [test/pivotal/pal/trackerapi/TimeEntryApiTestContext.groovy] does not exist
00:34:19.195 [Test worker] INFO org.springframework.test.context.support.AbstractContextLoader - Could not detect default resource locations for test class [test.pivotal.pal.trackerapi.TimeEntryApiTest]: no resource found for suffixes {-context.xml, Context.groovy}.
00:34:19.235 [Test worker] DEBUG org.springframework.test.context.support.ActiveProfilesUtils - Could not find an 'annotation declaring class' for annotation type [org.springframework.test.context.ActiveProfiles] and class [test.pivotal.pal.trackerapi.TimeEntryApiTest]
00:34:19.469 [Test worker] DEBUG org.springframework.boot.test.context.SpringBootTestContextBootstrapper - @TestExecutionListeners is not present for class [test.pivotal.pal.trackerapi.TimeEntryApiTest]: using defaults.
00:34:19.470 [Test worker] INFO org.springframework.boot.test.context.SpringBootTestContextBootstrapper - Loaded default TestExecutionListener class names from location [META-INF/spring.factories]: [org.springframework.boot.test.autoconfigure.restdocs.RestDocsTestExecutionListener, org.springframework.boot.test.autoconfigure.web.client.MockRestServiceServerResetTestExecutionListener, org.springframework.boot.test.autoconfigure.web.servlet.MockMvcPrintOnlyOnFailureTestExecutionListener, org.springframework.boot.test.autoconfigure.web.servlet.WebDriverTestExecutionListener, org.springframework.boot.test.mock.mockito.MockitoTestExecutionListener, org.springframework.boot.test.mock.mockito.ResetMocksTestExecutionListener, org.springframework.test.context.web.ServletTestExecutionListener, org.springframework.test.context.support.DirtiesContextBeforeModesTestExecutionListener, org.springframework.test.context.support.DependencyInjectionTestExecutionListener, org.springframework.test.context.support.DirtiesContextTestExecutionListener, org.springframework.test.context.transaction.TransactionalTestExecutionListener, org.springframework.test.context.jdbc.SqlScriptsTestExecutionListener, org.springframework.test.context.event.EventPublishingTestExecutionListener]
00:34:19.499 [Test worker] INFO org.springframework.boot.test.context.SpringBootTestContextBootstrapper - Using TestExecutionListeners: [org.springframework.test.context.web.ServletTestExecutionListener@51415105, org.springframework.test.context.support.DirtiesContextBeforeModesTestExecutionListener@4a8bd56f, org.springframework.boot.test.mock.mockito.MockitoTestExecutionListener@2da8cdc6, org.springframework.boot.test.autoconfigure.SpringBootDependencyInjectionTestExecutionListener@1c7ab59c, org.springframework.test.context.support.DirtiesContextTestExecutionListener@47e8166f, org.springframework.test.context.transaction.TransactionalTestExecutionListener@53dc8350, org.springframework.test.context.jdbc.SqlScriptsTestExecutionListener@3871a210, org.springframework.test.context.event.EventPublishingTestExecutionListener@71ee36d7, org.springframework.boot.test.autoconfigure.restdocs.RestDocsTestExecutionListener@76321deb, org.springframework.boot.test.autoconfigure.web.client.MockRestServiceServerResetTestExecutionListener@41c3d67e, org.springframework.boot.test.autoconfigure.web.servlet.MockMvcPrintOnlyOnFailureTestExecutionListener@74979d74, org.springframework.boot.test.autoconfigure.web.servlet.WebDriverTestExecutionListener@744f45bf, org.springframework.boot.test.mock.mockito.ResetMocksTestExecutionListener@1274c398]
00:34:19.507 [Test worker] DEBUG org.springframework.test.context.support.AbstractDirtiesContextTestExecutionListener - Before test class: context [DefaultTestContext@f05af5d testClass = TimeEntryApiTest, testInstance = [null], testMethod = [null], testException = [null], mergedContextConfiguration = [WebMergedContextConfiguration@6ffb9f35 testClass = TimeEntryApiTest, locations = '{}', classes = '{class io.pivotal.pal.tracker.PalTrackerApplication, class io.pivotal.pal.tracker.PalTrackerApplication}', contextInitializerClasses = '[]', activeProfiles = '{}', propertySourceLocations = '{}', propertySourceProperties = '{org.springframework.boot.test.context.SpringBootTestContextBootstrapper=true, server.port=0}', contextCustomizers = set[org.springframework.boot.test.autoconfigure.properties.PropertyMappingContextCustomizer@0, org.springframework.boot.test.autoconfigure.web.servlet.WebDriverContextCustomizerFactory$Customizer@6c1175c5, org.springframework.boot.test.context.filter.ExcludeFilterContextCustomizer@4c77d89e, org.springframework.boot.test.json.DuplicateJsonObjectContextCustomizerFactory$DuplicateJsonObjectContextCustomizer@7d896ee1, org.springframework.boot.test.mock.mockito.MockitoContextCustomizer@0, org.springframework.boot.test.web.client.TestRestTemplateContextCustomizer@6a46e565], resourceBasePath = 'src/main/webapp', contextLoader = 'org.springframework.boot.test.context.SpringBootContextLoader', parent = [null]], attributes = map['org.springframework.test.context.web.ServletTestExecutionListener.activateListener' -> false]], class annotated with @DirtiesContext [false] with mode [null].
00:34:19.518 [Test worker] DEBUG org.springframework.test.context.support.DependencyInjectionTestExecutionListener - Performing dependency injection for test context [[DefaultTestContext@f05af5d testClass = TimeEntryApiTest, testInstance = test.pivotal.pal.trackerapi.TimeEntryApiTest@14f37999, testMethod = [null], testException = [null], mergedContextConfiguration = [WebMergedContextConfiguration@6ffb9f35 testClass = TimeEntryApiTest, locations = '{}', classes = '{class io.pivotal.pal.tracker.PalTrackerApplication, class io.pivotal.pal.tracker.PalTrackerApplication}', contextInitializerClasses = '[]', activeProfiles = '{}', propertySourceLocations = '{}', propertySourceProperties = '{org.springframework.boot.test.context.SpringBootTestContextBootstrapper=true, server.port=0}', contextCustomizers = set[org.springframework.boot.test.autoconfigure.properties.PropertyMappingContextCustomizer@0, org.springframework.boot.test.autoconfigure.web.servlet.WebDriverContextCustomizerFactory$Customizer@6c1175c5, org.springframework.boot.test.context.filter.ExcludeFilterContextCustomizer@4c77d89e, org.springframework.boot.test.json.DuplicateJsonObjectContextCustomizerFactory$DuplicateJsonObjectContextCustomizer@7d896ee1, org.springframework.boot.test.mock.mockito.MockitoContextCustomizer@0, org.springframework.boot.test.web.client.TestRestTemplateContextCustomizer@6a46e565], resourceBasePath = 'src/main/webapp', contextLoader = 'org.springframework.boot.test.context.SpringBootContextLoader', parent = [null]], attributes = map['org.springframework.test.context.web.ServletTestExecutionListener.activateListener' -> false]]].
00:34:19.563 [Test worker] DEBUG org.springframework.test.context.support.TestPropertySourceUtils - Adding inlined properties to environment: {spring.jmx.enabled=false, org.springframework.boot.test.context.SpringBootTestContextBootstrapper=true, server.port=0}

  .   ____          _            __ _ _
 /\\ / ___'_ __ _ _(_)_ __  __ _ \ \ \ \
( ( )\___ | '_ | '_| | '_ \/ _` | \ \ \ \
 \\/  ___)| |_)| | | | | || (_| |  ) ) ) )
  '  |____| .__|_| |_|_| |_\__, | / / / /
 =========|_|==============|___/=/_/_/_/
 :: Spring Boot ::        (v2.2.2.RELEASE)

2020-04-26 00:34:20.341  INFO 18084 --- [    Test worker] t.p.pal.trackerapi.TimeEntryApiTest      : Starting TimeEntryApiTest on DESKTOP-1345FN6 with PID 18084 (started by prasa in C:\workspace\pal-tracker-jt)
2020-04-26 00:34:20.348  INFO 18084 --- [    Test worker] t.p.pal.trackerapi.TimeEntryApiTest      : No active profile set, falling back to default profiles: default
2020-04-26 00:34:23.069  INFO 18084 --- [    Test worker] o.s.b.w.embedded.tomcat.TomcatWebServer  : Tomcat initialized with port(s): 0 (http)
2020-04-26 00:34:23.100  INFO 18084 --- [    Test worker] o.apache.catalina.core.StandardService   : Starting service [Tomcat]
2020-04-26 00:34:23.102  INFO 18084 --- [    Test worker] org.apache.catalina.core.StandardEngine  : Starting Servlet engine: [Apache Tomcat/9.0.29]
2020-04-26 00:34:23.230  INFO 18084 --- [    Test worker] o.a.c.c.C.[Tomcat].[localhost].[/]       : Initializing Spring embedded WebApplicationContext
2020-04-26 00:34:23.230  INFO 18084 --- [    Test worker] o.s.web.context.ContextLoader            : Root WebApplicationContext: initialization completed in 2722 ms
2020-04-26 00:34:24.095  INFO 18084 --- [    Test worker] o.s.s.concurrent.ThreadPoolTaskExecutor  : Initializing ExecutorService 'applicationTaskExecutor'
2020-04-26 00:34:25.088  INFO 18084 --- [    Test worker] o.s.b.w.embedded.tomcat.TomcatWebServer  : Tomcat started on port(s): 51709 (http) with context path ''
2020-04-26 00:34:25.093  INFO 18084 --- [    Test worker] t.p.pal.trackerapi.TimeEntryApiTest      : Started TimeEntryApiTest in 5.525 seconds (JVM running for 9.11)
2020-04-26 00:34:27.747  INFO 18084 --- [o-auto-1-exec-1] o.a.c.c.C.[Tomcat].[localhost].[/]       : Initializing Spring DispatcherServlet 'dispatcherServlet'
2020-04-26 00:34:27.748  INFO 18084 --- [o-auto-1-exec-1] o.s.web.servlet.DispatcherServlet        : Initializing Servlet 'dispatcherServlet'
2020-04-26 00:34:27.786  INFO 18084 --- [o-auto-1-exec-1] o.s.web.servlet.DispatcherServlet        : Completed initialization in 38 ms
]]></system-out>
  <system-err><![CDATA[]]></system-err>
</testsuite>
