<?xml version="1.0" encoding="UTF-8"?>
<testsuite name="test.pivotal.pal.trackerapi.WelcomeApiTest" tests="1" skipped="0" failures="0" errors="0" timestamp="2020-04-25T19:04:34" hostname="DESKTOP-1345FN6" time="0.037">
  <properties/>
  <testcase name="exampleTest()" classname="test.pivotal.pal.trackerapi.WelcomeApiTest" time="0.037"/>
  <system-out><![CDATA[2020-04-26 00:34:34.162  INFO 18084 --- [    Test worker] .b.t.c.SpringBootTestContextBootstrapper : Neither @ContextConfiguration nor @ContextHierarchy found for test class [test.pivotal.pal.trackerapi.WelcomeApiTest], using SpringBootContextLoader
2020-04-26 00:34:34.163  INFO 18084 --- [    Test worker] o.s.t.c.support.AbstractContextLoader    : Could not detect default resource locations for test class [test.pivotal.pal.trackerapi.WelcomeApiTest]: no resource found for suffixes {-context.xml, Context.groovy}.
2020-04-26 00:34:34.167  INFO 18084 --- [    Test worker] .b.t.c.SpringBootTestContextBootstrapper : Loaded default TestExecutionListener class names from location [META-INF/spring.factories]: [org.springframework.boot.test.autoconfigure.restdocs.RestDocsTestExecutionListener, org.springframework.boot.test.autoconfigure.web.client.MockRestServiceServerResetTestExecutionListener, org.springframework.boot.test.autoconfigure.web.servlet.MockMvcPrintOnlyOnFailureTestExecutionListener, org.springframework.boot.test.autoconfigure.web.servlet.WebDriverTestExecutionListener, org.springframework.boot.test.mock.mockito.MockitoTestExecutionListener, org.springframework.boot.test.mock.mockito.ResetMocksTestExecutionListener, org.springframework.test.context.web.ServletTestExecutionListener, org.springframework.test.context.support.DirtiesContextBeforeModesTestExecutionListener, org.springframework.test.context.support.DependencyInjectionTestExecutionListener, org.springframework.test.context.support.DirtiesContextTestExecutionListener, org.springframework.test.context.transaction.TransactionalTestExecutionListener, org.springframework.test.context.jdbc.SqlScriptsTestExecutionListener, org.springframework.test.context.event.EventPublishingTestExecutionListener]
2020-04-26 00:34:34.167  INFO 18084 --- [    Test worker] .b.t.c.SpringBootTestContextBootstrapper : Using TestExecutionListeners: [org.springframework.test.context.web.ServletTestExecutionListener@767d5cf8, org.springframework.test.context.support.DirtiesContextBeforeModesTestExecutionListener@37a0b6a7, org.springframework.boot.test.mock.mockito.MockitoTestExecutionListener@1127f661, org.springframework.boot.test.autoconfigure.SpringBootDependencyInjectionTestExecutionListener@296a134e, org.springframework.test.context.support.DirtiesContextTestExecutionListener@356c0007, org.springframework.test.context.transaction.TransactionalTestExecutionListener@7cb9d83, org.springframework.test.context.jdbc.SqlScriptsTestExecutionListener@2971e7e5, org.springframework.test.context.event.EventPublishingTestExecutionListener@507861e6, org.springframework.boot.test.autoconfigure.restdocs.RestDocsTestExecutionListener@5413fd6, org.springframework.boot.test.autoconfigure.web.client.MockRestServiceServerResetTestExecutionListener@5ebd9d78, org.springframework.boot.test.autoconfigure.web.servlet.MockMvcPrintOnlyOnFailureTestExecutionListener@78d50785, org.springframework.boot.test.autoconfigure.web.servlet.WebDriverTestExecutionListener@6b313e28, org.springframework.boot.test.mock.mockito.ResetMocksTestExecutionListener@67820317]
]]></system-out>
  <system-err><![CDATA[]]></system-err>
</testsuite>
