<?xml version="1.0" encoding="UTF-8"?>
<testsuite name="test.pivotal.pal.tracker.TimeEntryControllerTest" tests="7" skipped="0" failures="0" errors="0" timestamp="2020-04-25T19:04:18" hostname="DESKTOP-1345FN6" time="0.902">
  <properties/>
  <testcase name="testList()" classname="test.pivotal.pal.tracker.TimeEntryControllerTest" time="0.86"/>
  <testcase name="testRead()" classname="test.pivotal.pal.tracker.TimeEntryControllerTest" time="0.01"/>
  <testcase name="testRead_NotFound()" classname="test.pivotal.pal.tracker.TimeEntryControllerTest" time="0.002"/>
  <testcase name="testUpdate_NotFound()" classname="test.pivotal.pal.tracker.TimeEntryControllerTest" time="0.006"/>
  <testcase name="testCreate()" classname="test.pivotal.pal.tracker.TimeEntryControllerTest" time="0.007"/>
  <testcase name="testDelete()" classname="test.pivotal.pal.tracker.TimeEntryControllerTest" time="0.003"/>
  <testcase name="testUpdate()" classname="test.pivotal.pal.tracker.TimeEntryControllerTest" time="0.001"/>
  <system-out><![CDATA[]]></system-out>
  <system-err><![CDATA[]]></system-err>
</testsuite>
