<?xml version="1.0" encoding="UTF-8"?>
<testsuite name="test.pivotal.pal.tracker.InMemoryTimeEntryRepositoryTest" tests="8" skipped="0" failures="0" errors="0" timestamp="2020-04-25T19:04:18" hostname="DESKTOP-1345FN6" time="0.045">
  <properties/>
  <testcase name="create()" classname="test.pivotal.pal.tracker.InMemoryTimeEntryRepositoryTest" time="0.019"/>
  <testcase name="delete()" classname="test.pivotal.pal.tracker.InMemoryTimeEntryRepositoryTest" time="0.01"/>
  <testcase name="find_MissingEntry()" classname="test.pivotal.pal.tracker.InMemoryTimeEntryRepositoryTest" time="0.0"/>
  <testcase name="update()" classname="test.pivotal.pal.tracker.InMemoryTimeEntryRepositoryTest" time="0.001"/>
  <testcase name="deleteKeepsTrackOfLatestIdProperly()" classname="test.pivotal.pal.tracker.InMemoryTimeEntryRepositoryTest" time="0.004"/>
  <testcase name="find()" classname="test.pivotal.pal.tracker.InMemoryTimeEntryRepositoryTest" time="0.001"/>
  <testcase name="list()" classname="test.pivotal.pal.tracker.InMemoryTimeEntryRepositoryTest" time="0.004"/>
  <testcase name="update_MissingEntry()" classname="test.pivotal.pal.tracker.InMemoryTimeEntryRepositoryTest" time="0.0"/>
  <system-out><![CDATA[]]></system-out>
  <system-err><![CDATA[]]></system-err>
</testsuite>
