<?xml version="1.0" encoding="UTF-8"?>
<testsuite name="test.pivotal.pal.tracker.EnvControllerTest" tests="1" skipped="0" failures="0" errors="0" timestamp="2020-04-25T19:04:17" hostname="DESKTOP-1345FN6" time="0.093">
  <properties/>
  <testcase name="getEnv()" classname="test.pivotal.pal.tracker.EnvControllerTest" time="0.093"/>
  <system-out><![CDATA[]]></system-out>
  <system-err><![CDATA[]]></system-err>
</testsuite>
